ARM GAS  C:\Users\27154\AppData\Local\Temp\cc3nL88L.s 			page 1


   1              		.cpu cortex-m3
   2              		.eabi_attribute 20, 1
   3              		.eabi_attribute 21, 1
   4              		.eabi_attribute 23, 3
   5              		.eabi_attribute 24, 1
   6              		.eabi_attribute 25, 1
   7              		.eabi_attribute 26, 1
   8              		.eabi_attribute 30, 1
   9              		.eabi_attribute 34, 1
  10              		.eabi_attribute 18, 4
  11              		.file	"main.c"
  12              		.text
  13              	.Ltext0:
  14              		.cfi_sections	.debug_frame
  15              		.section	.text.SystemClock_Config,"ax",%progbits
  16              		.align	1
  17              		.global	SystemClock_Config
  18              		.syntax unified
  19              		.thumb
  20              		.thumb_func
  21              		.fpu softvfp
  23              	SystemClock_Config:
  24              	.LFB66:
  25              		.file 1 "Src/main.c"
   1:Src/main.c    **** /* USER CODE BEGIN Header */
   2:Src/main.c    **** /**
   3:Src/main.c    ****   ******************************************************************************
   4:Src/main.c    ****   * @file           : main.c
   5:Src/main.c    ****   * @brief          : Main program body
   6:Src/main.c    ****   ******************************************************************************
   7:Src/main.c    ****   * @attention
   8:Src/main.c    ****   *
   9:Src/main.c    ****   * <h2><center>&copy; Copyright (c) 2020 STMicroelectronics.
  10:Src/main.c    ****   * All rights reserved.</center></h2>
  11:Src/main.c    ****   *
  12:Src/main.c    ****   * This software component is licensed by ST under BSD 3-Clause license,
  13:Src/main.c    ****   * the "License"; You may not use this file except in compliance with the
  14:Src/main.c    ****   * License. You may obtain a copy of the License at:
  15:Src/main.c    ****   *                        opensource.org/licenses/BSD-3-Clause
  16:Src/main.c    ****   *
  17:Src/main.c    ****   ******************************************************************************
  18:Src/main.c    ****   */
  19:Src/main.c    **** /* USER CODE END Header */
  20:Src/main.c    **** 
  21:Src/main.c    **** /* Includes ------------------------------------------------------------------*/
  22:Src/main.c    **** #include "main.h"
  23:Src/main.c    **** #include "gpio.h"
  24:Src/main.c    **** 
  25:Src/main.c    **** /* Private includes ----------------------------------------------------------*/
  26:Src/main.c    **** /* USER CODE BEGIN Includes */
  27:Src/main.c    **** 
  28:Src/main.c    **** /* USER CODE END Includes */
  29:Src/main.c    **** 
  30:Src/main.c    **** /* Private typedef -----------------------------------------------------------*/
  31:Src/main.c    **** /* USER CODE BEGIN PTD */
  32:Src/main.c    **** 
  33:Src/main.c    **** /* USER CODE END PTD */
ARM GAS  C:\Users\27154\AppData\Local\Temp\cc3nL88L.s 			page 2


  34:Src/main.c    **** 
  35:Src/main.c    **** /* Private define ------------------------------------------------------------*/
  36:Src/main.c    **** /* USER CODE BEGIN PD */
  37:Src/main.c    **** /* USER CODE END PD */
  38:Src/main.c    **** 
  39:Src/main.c    **** /* Private macro -------------------------------------------------------------*/
  40:Src/main.c    **** /* USER CODE BEGIN PM */
  41:Src/main.c    **** 
  42:Src/main.c    **** /* USER CODE END PM */
  43:Src/main.c    **** 
  44:Src/main.c    **** /* Private variables ---------------------------------------------------------*/
  45:Src/main.c    **** 
  46:Src/main.c    **** /* USER CODE BEGIN PV */
  47:Src/main.c    **** 
  48:Src/main.c    **** /* USER CODE END PV */
  49:Src/main.c    **** 
  50:Src/main.c    **** /* Private function prototypes -----------------------------------------------*/
  51:Src/main.c    **** void SystemClock_Config(void);
  52:Src/main.c    **** /* USER CODE BEGIN PFP */
  53:Src/main.c    **** 
  54:Src/main.c    **** /* USER CODE END PFP */
  55:Src/main.c    **** 
  56:Src/main.c    **** /* Private user code ---------------------------------------------------------*/
  57:Src/main.c    **** /* USER CODE BEGIN 0 */
  58:Src/main.c    **** 
  59:Src/main.c    **** /* USER CODE END 0 */
  60:Src/main.c    **** 
  61:Src/main.c    **** /**
  62:Src/main.c    ****   * @brief  The application entry point.
  63:Src/main.c    ****   * @retval int
  64:Src/main.c    ****   */
  65:Src/main.c    **** int main(void)
  66:Src/main.c    **** {
  67:Src/main.c    ****   /* USER CODE BEGIN 1 */
  68:Src/main.c    **** 
  69:Src/main.c    ****   /* USER CODE END 1 */
  70:Src/main.c    **** 
  71:Src/main.c    ****   /* MCU Configuration--------------------------------------------------------*/
  72:Src/main.c    **** 
  73:Src/main.c    ****   /* Reset of all peripherals, Initializes the Flash interface and the Systick. */
  74:Src/main.c    ****   HAL_Init();
  75:Src/main.c    **** 
  76:Src/main.c    ****   /* USER CODE BEGIN Init */
  77:Src/main.c    **** 
  78:Src/main.c    ****   /* USER CODE END Init */
  79:Src/main.c    **** 
  80:Src/main.c    ****   /* Configure the system clock */
  81:Src/main.c    ****   SystemClock_Config();
  82:Src/main.c    **** 
  83:Src/main.c    ****   /* USER CODE BEGIN SysInit */
  84:Src/main.c    **** 
  85:Src/main.c    ****   /* USER CODE END SysInit */
  86:Src/main.c    **** 
  87:Src/main.c    ****   /* Initialize all configured peripherals */
  88:Src/main.c    ****   MX_GPIO_Init();
  89:Src/main.c    ****   /* USER CODE BEGIN 2 */
  90:Src/main.c    **** 
ARM GAS  C:\Users\27154\AppData\Local\Temp\cc3nL88L.s 			page 3


  91:Src/main.c    ****   /* USER CODE END 2 */
  92:Src/main.c    **** 
  93:Src/main.c    ****   /* Infinite loop */
  94:Src/main.c    ****   /* USER CODE BEGIN WHILE */
  95:Src/main.c    ****   while (1)
  96:Src/main.c    ****   {
  97:Src/main.c    ****     /* USER CODE END WHILE */
  98:Src/main.c    ****     HAL_GPIO_WritePin(GPIOC, GPIO_PIN_13, GPIO_PIN_SET);
  99:Src/main.c    ****     HAL_Delay(100);
 100:Src/main.c    ****     HAL_GPIO_WritePin(GPIOC, GPIO_PIN_13, GPIO_PIN_RESET);
 101:Src/main.c    ****     HAL_Delay(100);
 102:Src/main.c    **** 
 103:Src/main.c    ****     /* USER CODE BEGIN 3 */
 104:Src/main.c    ****   }
 105:Src/main.c    ****   /* USER CODE END 3 */
 106:Src/main.c    **** }
 107:Src/main.c    **** 
 108:Src/main.c    **** /**
 109:Src/main.c    ****   * @brief System Clock Configuration
 110:Src/main.c    ****   * @retval None
 111:Src/main.c    ****   */
 112:Src/main.c    **** void SystemClock_Config(void)
 113:Src/main.c    **** {
  26              		.loc 1 113 0
  27              		.cfi_startproc
  28              		@ args = 0, pretend = 0, frame = 64
  29              		@ frame_needed = 0, uses_anonymous_args = 0
  30 0000 30B5     		push	{r4, r5, lr}
  31              	.LCFI0:
  32              		.cfi_def_cfa_offset 12
  33              		.cfi_offset 4, -12
  34              		.cfi_offset 5, -8
  35              		.cfi_offset 14, -4
  36 0002 91B0     		sub	sp, sp, #68
  37              	.LCFI1:
  38              		.cfi_def_cfa_offset 80
 114:Src/main.c    ****   RCC_OscInitTypeDef RCC_OscInitStruct = {0};
  39              		.loc 1 114 0
  40 0004 0024     		movs	r4, #0
  41 0006 0894     		str	r4, [sp, #32]
  42 0008 0994     		str	r4, [sp, #36]
  43 000a 0B94     		str	r4, [sp, #44]
  44 000c 0C94     		str	r4, [sp, #48]
 115:Src/main.c    ****   RCC_ClkInitTypeDef RCC_ClkInitStruct = {0};
  45              		.loc 1 115 0
  46 000e 0194     		str	r4, [sp, #4]
  47 0010 0294     		str	r4, [sp, #8]
  48 0012 0394     		str	r4, [sp, #12]
  49 0014 0494     		str	r4, [sp, #16]
  50 0016 0594     		str	r4, [sp, #20]
 116:Src/main.c    **** 
 117:Src/main.c    ****   /** Initializes the CPU, AHB and APB busses clocks 
 118:Src/main.c    ****   */
 119:Src/main.c    ****   RCC_OscInitStruct.OscillatorType = RCC_OSCILLATORTYPE_HSE;
  51              		.loc 1 119 0
  52 0018 0122     		movs	r2, #1
  53 001a 0692     		str	r2, [sp, #24]
ARM GAS  C:\Users\27154\AppData\Local\Temp\cc3nL88L.s 			page 4


 120:Src/main.c    ****   RCC_OscInitStruct.HSEState = RCC_HSE_ON;
  54              		.loc 1 120 0
  55 001c 4FF48033 		mov	r3, #65536
  56 0020 0793     		str	r3, [sp, #28]
 121:Src/main.c    ****   RCC_OscInitStruct.HSEPredivValue = RCC_HSE_PREDIV_DIV1;
 122:Src/main.c    ****   RCC_OscInitStruct.HSIState = RCC_HSI_ON;
  57              		.loc 1 122 0
  58 0022 0A92     		str	r2, [sp, #40]
 123:Src/main.c    ****   RCC_OscInitStruct.PLL.PLLState = RCC_PLL_ON;
  59              		.loc 1 123 0
  60 0024 0225     		movs	r5, #2
  61 0026 0D95     		str	r5, [sp, #52]
 124:Src/main.c    ****   RCC_OscInitStruct.PLL.PLLSource = RCC_PLLSOURCE_HSE;
  62              		.loc 1 124 0
  63 0028 0E93     		str	r3, [sp, #56]
 125:Src/main.c    ****   RCC_OscInitStruct.PLL.PLLMUL = RCC_PLL_MUL9;
  64              		.loc 1 125 0
  65 002a 4FF4E013 		mov	r3, #1835008
  66 002e 0F93     		str	r3, [sp, #60]
 126:Src/main.c    ****   if (HAL_RCC_OscConfig(&RCC_OscInitStruct) != HAL_OK)
  67              		.loc 1 126 0
  68 0030 06A8     		add	r0, sp, #24
  69 0032 FFF7FEFF 		bl	HAL_RCC_OscConfig
  70              	.LVL0:
 127:Src/main.c    ****   {
 128:Src/main.c    ****     Error_Handler();
 129:Src/main.c    ****   }
 130:Src/main.c    ****   /** Initializes the CPU, AHB and APB busses clocks 
 131:Src/main.c    ****   */
 132:Src/main.c    ****   RCC_ClkInitStruct.ClockType = RCC_CLOCKTYPE_HCLK|RCC_CLOCKTYPE_SYSCLK
  71              		.loc 1 132 0
  72 0036 0F23     		movs	r3, #15
  73 0038 0193     		str	r3, [sp, #4]
 133:Src/main.c    ****                               |RCC_CLOCKTYPE_PCLK1|RCC_CLOCKTYPE_PCLK2;
 134:Src/main.c    ****   RCC_ClkInitStruct.SYSCLKSource = RCC_SYSCLKSOURCE_PLLCLK;
  74              		.loc 1 134 0
  75 003a 0295     		str	r5, [sp, #8]
 135:Src/main.c    ****   RCC_ClkInitStruct.AHBCLKDivider = RCC_SYSCLK_DIV1;
  76              		.loc 1 135 0
  77 003c 0394     		str	r4, [sp, #12]
 136:Src/main.c    ****   RCC_ClkInitStruct.APB1CLKDivider = RCC_HCLK_DIV2;
  78              		.loc 1 136 0
  79 003e 4FF48063 		mov	r3, #1024
  80 0042 0493     		str	r3, [sp, #16]
 137:Src/main.c    ****   RCC_ClkInitStruct.APB2CLKDivider = RCC_HCLK_DIV1;
  81              		.loc 1 137 0
  82 0044 0594     		str	r4, [sp, #20]
 138:Src/main.c    **** 
 139:Src/main.c    ****   if (HAL_RCC_ClockConfig(&RCC_ClkInitStruct, FLASH_LATENCY_2) != HAL_OK)
  83              		.loc 1 139 0
  84 0046 2946     		mov	r1, r5
  85 0048 01A8     		add	r0, sp, #4
  86 004a FFF7FEFF 		bl	HAL_RCC_ClockConfig
  87              	.LVL1:
 140:Src/main.c    ****   {
 141:Src/main.c    ****     Error_Handler();
 142:Src/main.c    ****   }
ARM GAS  C:\Users\27154\AppData\Local\Temp\cc3nL88L.s 			page 5


 143:Src/main.c    **** }
  88              		.loc 1 143 0
  89 004e 11B0     		add	sp, sp, #68
  90              	.LCFI2:
  91              		.cfi_def_cfa_offset 12
  92              		@ sp needed
  93 0050 30BD     		pop	{r4, r5, pc}
  94              		.cfi_endproc
  95              	.LFE66:
  97              		.section	.text.main,"ax",%progbits
  98              		.align	1
  99              		.global	main
 100              		.syntax unified
 101              		.thumb
 102              		.thumb_func
 103              		.fpu softvfp
 105              	main:
 106              	.LFB65:
  66:Src/main.c    ****   /* USER CODE BEGIN 1 */
 107              		.loc 1 66 0
 108              		.cfi_startproc
 109              		@ Volatile: function does not return.
 110              		@ args = 0, pretend = 0, frame = 0
 111              		@ frame_needed = 0, uses_anonymous_args = 0
 112 0000 08B5     		push	{r3, lr}
 113              	.LCFI3:
 114              		.cfi_def_cfa_offset 8
 115              		.cfi_offset 3, -8
 116              		.cfi_offset 14, -4
  74:Src/main.c    **** 
 117              		.loc 1 74 0
 118 0002 FFF7FEFF 		bl	HAL_Init
 119              	.LVL2:
  81:Src/main.c    **** 
 120              		.loc 1 81 0
 121 0006 FFF7FEFF 		bl	SystemClock_Config
 122              	.LVL3:
  88:Src/main.c    ****   /* USER CODE BEGIN 2 */
 123              		.loc 1 88 0
 124 000a FFF7FEFF 		bl	MX_GPIO_Init
 125              	.LVL4:
 126              	.L4:
  98:Src/main.c    ****     HAL_Delay(100);
 127              		.loc 1 98 0 discriminator 1
 128 000e 0A4C     		ldr	r4, .L6
 129 0010 0122     		movs	r2, #1
 130 0012 4FF40051 		mov	r1, #8192
 131 0016 2046     		mov	r0, r4
 132 0018 FFF7FEFF 		bl	HAL_GPIO_WritePin
 133              	.LVL5:
  99:Src/main.c    ****     HAL_GPIO_WritePin(GPIOC, GPIO_PIN_13, GPIO_PIN_RESET);
 134              		.loc 1 99 0 discriminator 1
 135 001c 6420     		movs	r0, #100
 136 001e FFF7FEFF 		bl	HAL_Delay
 137              	.LVL6:
 100:Src/main.c    ****     HAL_Delay(100);
 138              		.loc 1 100 0 discriminator 1
ARM GAS  C:\Users\27154\AppData\Local\Temp\cc3nL88L.s 			page 6


 139 0022 0022     		movs	r2, #0
 140 0024 4FF40051 		mov	r1, #8192
 141 0028 2046     		mov	r0, r4
 142 002a FFF7FEFF 		bl	HAL_GPIO_WritePin
 143              	.LVL7:
 101:Src/main.c    **** 
 144              		.loc 1 101 0 discriminator 1
 145 002e 6420     		movs	r0, #100
 146 0030 FFF7FEFF 		bl	HAL_Delay
 147              	.LVL8:
 148 0034 EBE7     		b	.L4
 149              	.L7:
 150 0036 00BF     		.align	2
 151              	.L6:
 152 0038 00100140 		.word	1073811456
 153              		.cfi_endproc
 154              	.LFE65:
 156              		.section	.text.Error_Handler,"ax",%progbits
 157              		.align	1
 158              		.global	Error_Handler
 159              		.syntax unified
 160              		.thumb
 161              		.thumb_func
 162              		.fpu softvfp
 164              	Error_Handler:
 165              	.LFB67:
 144:Src/main.c    **** 
 145:Src/main.c    **** /* USER CODE BEGIN 4 */
 146:Src/main.c    **** 
 147:Src/main.c    **** /* USER CODE END 4 */
 148:Src/main.c    **** 
 149:Src/main.c    **** /**
 150:Src/main.c    ****   * @brief  This function is executed in case of error occurrence.
 151:Src/main.c    ****   * @retval None
 152:Src/main.c    ****   */
 153:Src/main.c    **** void Error_Handler(void)
 154:Src/main.c    **** {
 166              		.loc 1 154 0
 167              		.cfi_startproc
 168              		@ args = 0, pretend = 0, frame = 0
 169              		@ frame_needed = 0, uses_anonymous_args = 0
 170              		@ link register save eliminated.
 155:Src/main.c    ****   /* USER CODE BEGIN Error_Handler_Debug */
 156:Src/main.c    ****   /* User can add his own implementation to report the HAL error return state */
 157:Src/main.c    **** 
 158:Src/main.c    ****   /* USER CODE END Error_Handler_Debug */
 159:Src/main.c    **** }
 171              		.loc 1 159 0
 172 0000 7047     		bx	lr
 173              		.cfi_endproc
 174              	.LFE67:
 176              		.text
 177              	.Letext0:
 178              		.file 2 "c:\\users\\27154\\.platformio\\packages\\toolchain-gccarmnoneeabi\\arm-none-eabi\\include
 179              		.file 3 "c:\\users\\27154\\.platformio\\packages\\toolchain-gccarmnoneeabi\\arm-none-eabi\\include
 180              		.file 4 "Drivers/CMSIS/Include/core_cm3.h"
 181              		.file 5 "Drivers/CMSIS/Device/ST/STM32F1xx/Include/system_stm32f1xx.h"
ARM GAS  C:\Users\27154\AppData\Local\Temp\cc3nL88L.s 			page 7


 182              		.file 6 "Drivers/CMSIS/Device/ST/STM32F1xx/Include/stm32f103xb.h"
 183              		.file 7 "Drivers/STM32F1xx_HAL_Driver/Inc/stm32f1xx_hal_rcc.h"
 184              		.file 8 "Drivers/STM32F1xx_HAL_Driver/Inc/stm32f1xx_hal_rcc_ex.h"
 185              		.file 9 "Drivers/STM32F1xx_HAL_Driver/Inc/stm32f1xx_hal_def.h"
 186              		.file 10 "Drivers/STM32F1xx_HAL_Driver/Inc/stm32f1xx_hal_gpio.h"
 187              		.file 11 "Drivers/STM32F1xx_HAL_Driver/Inc/stm32f1xx_hal.h"
 188              		.file 12 "Inc/gpio.h"
ARM GAS  C:\Users\27154\AppData\Local\Temp\cc3nL88L.s 			page 8


DEFINED SYMBOLS
                            *ABS*:00000000 main.c
C:\Users\27154\AppData\Local\Temp\cc3nL88L.s:16     .text.SystemClock_Config:00000000 $t
C:\Users\27154\AppData\Local\Temp\cc3nL88L.s:23     .text.SystemClock_Config:00000000 SystemClock_Config
C:\Users\27154\AppData\Local\Temp\cc3nL88L.s:98     .text.main:00000000 $t
C:\Users\27154\AppData\Local\Temp\cc3nL88L.s:105    .text.main:00000000 main
C:\Users\27154\AppData\Local\Temp\cc3nL88L.s:152    .text.main:00000038 $d
C:\Users\27154\AppData\Local\Temp\cc3nL88L.s:157    .text.Error_Handler:00000000 $t
C:\Users\27154\AppData\Local\Temp\cc3nL88L.s:164    .text.Error_Handler:00000000 Error_Handler

UNDEFINED SYMBOLS
HAL_RCC_OscConfig
HAL_RCC_ClockConfig
HAL_Init
MX_GPIO_Init
HAL_GPIO_WritePin
HAL_Delay
